0 info it worked if it ends with ok
1 verbose cli [ 'c:\\Program Files\\nodejs\\node.exe',
1 verbose cli   'c:\\Program Files\\nodejs\\node_modules\\npm\\bin\\npm-cli.js',
1 verbose cli   'start',
1 verbose cli   'demo-server/app.js' ]
2 info using npm@2.5.1
3 info using node@v0.12.0
4 verbose stack Error: missing script: start
4 verbose stack     at run (c:\Program Files\nodejs\node_modules\npm\lib\run-script.js:138:19)
4 verbose stack     at c:\Program Files\nodejs\node_modules\npm\lib\run-script.js:81:5
4 verbose stack     at c:\Program Files\nodejs\node_modules\npm\node_modules\read-package-json\read-json.js:51:40
4 verbose stack     at final (c:\Program Files\nodejs\node_modules\npm\node_modules\read-package-json\read-json.js:349:17)
4 verbose stack     at then (c:\Program Files\nodejs\node_modules\npm\node_modules\read-package-json\read-json.js:126:33)
4 verbose stack     at c:\Program Files\nodejs\node_modules\npm\node_modules\read-package-json\read-json.js:331:40
4 verbose stack     at evalmachine.<anonymous>:336:14
4 verbose stack     at c:\Program Files\nodejs\node_modules\npm\node_modules\graceful-fs\graceful-fs.js:102:5
4 verbose stack     at FSReqWrap.oncomplete (evalmachine.<anonymous>:99:15)
5 verbose cwd d:\polymer-dashboard
6 error Windows_NT 6.3.9600
7 error argv "c:\\Program Files\\nodejs\\node.exe" "c:\\Program Files\\nodejs\\node_modules\\npm\\bin\\npm-cli.js" "start" "demo-server/app.js"
8 error node v0.12.0
9 error npm  v2.5.1
10 error missing script: start
11 error If you need help, you may report this error at:
11 error     <http://github.com/npm/npm/issues>
12 verbose exit [ 1, true ]
